<?xml version="1.0" encoding="UTF-8"?>
<!-- Generated by org.testng.reporters.JUnitReportReporter -->
<testsuite hostname="IL-IT-PRAVEENT" failures="0" tests="7" name="com.unified.infinity.uitest.admin.ProdUnifiedTests" time="0.000" errors="1" timestamp="2023-01-17T18:32:35 IST" skipped="6">
  <testcase classname="com.unified.infinity.uitest.admin.ProdUnifiedTests" name="UnifiedForgotPass" time="0.000">
    <error message="java.lang.NullPointerException: Cannot invoke &quot;org.apache.poi.xssf.usermodel.XSSFSheet.getLastRowNum()&quot; because &quot;com.unified.infinity.utils.ExcelUtil.excelWSheet&quot; is null" type="java.lang.RuntimeException">
      <![CDATA[java.lang.RuntimeException: java.lang.NullPointerException: Cannot invoke "org.apache.poi.xssf.usermodel.XSSFSheet.getLastRowNum()" because "com.unified.infinity.utils.ExcelUtil.excelWSheet" is null
at org.testng.internal.invokers.MethodInvocationHelper.invokeMethodNoCheckedException(MethodInvocationHelper.java:57)
at org.testng.internal.invokers.MethodInvocationHelper.invokeDataProvider(MethodInvocationHelper.java:157)
at org.testng.internal.Parameters.handleParameters(Parameters.java:791)
at org.testng.internal.Parameters.handleParameters(Parameters.java:728)
at org.testng.internal.invokers.ParameterHandler.handleParameters(ParameterHandler.java:72)
at org.testng.internal.invokers.ParameterHandler.createParameters(ParameterHandler.java:51)
at org.testng.internal.invokers.TestInvoker$MethodInvocationAgent.invoke(TestInvoker.java:917)
at org.testng.internal.invokers.TestInvoker.invokeTestMethods(TestInvoker.java:194)
at org.testng.internal.invokers.TestMethodWorker.invokeTestMethods(TestMethodWorker.java:148)
at org.testng.internal.invokers.TestMethodWorker.run(TestMethodWorker.java:128)
at java.base/java.util.ArrayList.forEach(ArrayList.java:1511)
at org.testng.TestRunner.privateRun(TestRunner.java:806)
at org.testng.TestRunner.run(TestRunner.java:601)
at org.testng.SuiteRunner.runTest(SuiteRunner.java:433)
at org.testng.SuiteRunner.runSequentially(SuiteRunner.java:427)
at org.testng.SuiteRunner.privateRun(SuiteRunner.java:387)
at org.testng.SuiteRunner.run(SuiteRunner.java:330)
at org.testng.SuiteRunnerWorker.runSuite(SuiteRunnerWorker.java:52)
at org.testng.SuiteRunnerWorker.run(SuiteRunnerWorker.java:95)
at org.testng.TestNG.runSuitesSequentially(TestNG.java:1256)
at org.testng.TestNG.runSuitesLocally(TestNG.java:1176)
at org.testng.TestNG.runSuites(TestNG.java:1099)
at org.testng.TestNG.run(TestNG.java:1067)
at org.testng.remote.AbstractRemoteTestNG.run(AbstractRemoteTestNG.java:115)
at org.testng.remote.RemoteTestNG.initAndRun(RemoteTestNG.java:251)
at org.testng.remote.RemoteTestNG.main(RemoteTestNG.java:77)
Caused by: java.lang.NullPointerException: Cannot invoke "org.apache.poi.xssf.usermodel.XSSFSheet.getLastRowNum()" because "com.unified.infinity.utils.ExcelUtil.excelWSheet" is null
at com.unified.infinity.utils.ExcelUtil.getTestData(ExcelUtil.java:51)
at com.unified.infinity.uitest.admin.ProdUnifiedTests.getTestData(ProdUnifiedTests.java:38)
at java.base/jdk.internal.reflect.NativeMethodAccessorImpl.invoke0(Native Method)
at java.base/jdk.internal.reflect.NativeMethodAccessorImpl.invoke(NativeMethodAccessorImpl.java:77)
at java.base/jdk.internal.reflect.DelegatingMethodAccessorImpl.invoke(DelegatingMethodAccessorImpl.java:43)
at java.base/java.lang.reflect.Method.invoke(Method.java:568)
at org.testng.internal.invokers.MethodInvocationHelper.invokeMethod(MethodInvocationHelper.java:139)
at org.testng.internal.invokers.MethodInvocationHelper.invokeMethod(MethodInvocationHelper.java:84)
at org.testng.internal.invokers.MethodInvocationHelper.invokeMethodNoCheckedException(MethodInvocationHelper.java:53)
... 25 more
]]>
    </error>
  </testcase> <!-- UnifiedForgotPass -->
  <system-out/>
  <testcase classname="com.unified.infinity.uitest.admin.ProdUnifiedTests" name="PYPTests">
    <skipped/>
  </testcase> <!-- PYPTests -->
  <system-out/>
  <testcase classname="com.unified.infinity.uitest.admin.ProdUnifiedTests" name="HomePage">
    <skipped/>
  </testcase> <!-- HomePage -->
  <system-out/>
  <testcase classname="com.unified.infinity.uitest.admin.ProdUnifiedTests" name="SignUP">
    <skipped/>
  </testcase> <!-- SignUP -->
  <system-out/>
  <testcase classname="com.unified.infinity.uitest.admin.ProdUnifiedTests" name="RAPDailyTest">
    <skipped/>
  </testcase> <!-- RAPDailyTest -->
  <system-out/>
  <testcase classname="com.unified.infinity.uitest.admin.ProdUnifiedTests" name="RAPTestSeries">
    <skipped/>
  </testcase> <!-- RAPTestSeries -->
  <system-out/>
  <testcase classname="com.unified.infinity.uitest.admin.ProdUnifiedTests" name="Learn">
    <skipped/>
  </testcase> <!-- Learn -->
  <system-out/>
</testsuite> <!-- com.unified.infinity.uitest.admin.ProdUnifiedTests -->
